<?xml version="1.0" encoding="UTF-8"?>
<!-- Generated by org.testng.reporters.JUnitXMLReporter -->
<testsuite ignored="0" hostname="LAPTOP-IL4M4SSK" failures="0" tests="7" name="Zerodha" time="8.549" errors="0" timestamp="2022-04-23T10:27:38 IST">
  <testcase classname="Test.Test2" name="test1" time="0.006"/>
  <testcase classname="Test.Test2" name="test2" time="0.001"/>
  <testcase classname="Test.Test2" name="test3" time="0.0"/>
  <testcase classname="Test.Test2" name="test4" time="0.001"/>
  <testcase classname="Test.LoginTest" name="LoginWithSheet" time="0.164"/>
  <testcase classname="Test.LoginTest" name="clickforgot" time="0.063"/>
  <testcase classname="Test.LoginTest" name="createNewacc" time="0.063"/>
</testsuite> <!-- Zerodha -->
