<?xml version="1.0" encoding="UTF-8"?>
<testng-results ignored="0" total="2" passed="2" failed="0" skipped="0">
  <reporter-output>
  </reporter-output>
  <suite started-at="2022-04-27T23:14:41 IST" name="Default suite" finished-at="2022-04-27T23:14:55 IST" duration-ms="13730">
    <groups>
    </groups>
    <test started-at="2022-04-27T23:14:41 IST" name="Default test" finished-at="2022-04-27T23:14:55 IST" duration-ms="13730">
      <class name="Test.LoginTest">
        <test-method is-config="true" signature="test()[pri:0, instance:Test.LoginTest@72a7c7e0]" started-at="2022-04-27T23:14:41 IST" name="test" finished-at="2022-04-27T23:14:41 IST" duration-ms="10" status="PASS">
          <reporter-output>
          </reporter-output>
        </test-method> <!-- test -->
        <test-method is-config="true" signature="test2()[pri:0, instance:Test.LoginTest@72a7c7e0]" started-at="2022-04-27T23:14:41 IST" name="test2" finished-at="2022-04-27T23:14:41 IST" duration-ms="1" status="PASS">
          <reporter-output>
          </reporter-output>
        </test-method> <!-- test2 -->
        <test-method is-config="true" signature="launchbrowser()[pri:0, instance:Test.LoginTest@72a7c7e0]" started-at="2022-04-27T23:14:41 IST" name="launchbrowser" finished-at="2022-04-27T23:14:45 IST" duration-ms="3538" status="PASS">
          <reporter-output>
          </reporter-output>
        </test-method> <!-- launchbrowser -->
        <test-method signature="LoginWithSheet()[pri:-1, instance:Test.LoginTest@72a7c7e0]" started-at="2022-04-27T23:14:45 IST" name="LoginWithSheet" finished-at="2022-04-27T23:14:46 IST" duration-ms="1008" status="PASS">
          <reporter-output>
          </reporter-output>
        </test-method> <!-- LoginWithSheet -->
        <test-method is-config="true" signature="test1()[pri:0, instance:Test.LoginTest@72a7c7e0]" started-at="2022-04-27T23:14:46 IST" name="test1" finished-at="2022-04-27T23:14:48 IST" duration-ms="2201" status="PASS">
          <reporter-output>
          </reporter-output>
        </test-method> <!-- test1 -->
        <test-method is-config="true" signature="launchbrowser()[pri:0, instance:Test.LoginTest@72a7c7e0]" started-at="2022-04-27T23:14:48 IST" name="launchbrowser" finished-at="2022-04-27T23:14:50 IST" duration-ms="2251" status="PASS">
          <reporter-output>
          </reporter-output>
        </test-method> <!-- launchbrowser -->
        <test-method signature="clickpin()[pri:0, instance:Test.LoginTest@72a7c7e0]" started-at="2022-04-27T23:14:50 IST" name="clickpin" finished-at="2022-04-27T23:14:53 IST" duration-ms="2410" status="PASS">
          <reporter-output>
          </reporter-output>
        </test-method> <!-- clickpin -->
        <test-method is-config="true" signature="test1()[pri:0, instance:Test.LoginTest@72a7c7e0]" started-at="2022-04-27T23:14:53 IST" name="test1" finished-at="2022-04-27T23:14:55 IST" duration-ms="2263" status="PASS">
          <reporter-output>
          </reporter-output>
        </test-method> <!-- test1 -->
      </class> <!-- Test.LoginTest -->
    </test> <!-- Default test -->
  </suite> <!-- Default suite -->
</testng-results>
